0	 0.2	 0	 -14.4	 -0	 0	 -0
0.000120005	 0.2	 0	 -14.4	 -0	 0	 -0
0.000120005	 0.2	 1.02322e-10	 -14.4	 1.10279e-10	 -4.31336e-10	 -3.70061e-10
0.000120005	 0.2	 1.2047e-10	 -14.4	 8.55491e-11	 1.05543e-08	 -2.97385e-10
0.000264017	 0.2	 1.43521e-10	 -14.4	 9.40856e-11	 1.44309e-08	 -3.19224e-10
0.000264017	 0.2	 6.10992e-10	 -14.4	 3.95897e-10	 6.18671e-08	 -1.3549e-09
0.000264017	 0.2	 5.4422e-10	 -14.4	 3.95815e-10	 4.34085e-08	 -1.28987e-09
0.000436833	 0.2	 5.85199e-10	 -14.4	 4.41538e-10	 4.40082e-08	 -1.4236e-09
0.000436833	 0.2	 1.21572e-09	 -14.4	 1.04718e-09	 5.86253e-08	 -3.22812e-09
0.000436833	 0.2	 1.22396e-09	 -14.4	 1.01164e-09	 6.27581e-08	 -3.18951e-09
0.000644211	 0.2	 1.33524e-09	 -14.4	 1.10043e-09	 6.78212e-08	 -3.47601e-09
0.000644211	 0.2	 2.41882e-09	 -14.4	 2.02898e-09	 9.19156e-08	 -6.45248e-09
0.000644211	 0.2	 2.42182e-09	 -14.4	 2.04642e-09	 9.39159e-08	 -6.48401e-09
0.000893055	 0.2	 2.61135e-09	 -14.4	 2.21219e-09	 9.956e-08	 -7.00767e-09
0.000893055	 0.2	 4.3759e-09	 -14.4	 3.77882e-09	 1.3638e-07	 -1.19867e-08
0.000893055	 0.2	 4.37406e-09	 -14.4	 3.78522e-09	 1.34505e-07	 -1.19861e-08
0.00119165	 0.2	 4.68352e-09	 -14.4	 4.06056e-09	 1.40825e-07	 -1.28563e-08
0.00119165	 0.2	 7.45034e-09	 -14.4	 6.5739e-09	 1.82428e-07	 -2.07704e-08
0.00119165	 0.2	 7.45104e-09	 -14.4	 6.5649e-09	 1.82361e-07	 -2.07622e-08
0.0015499	 0.2	 7.94404e-09	 -14.4	 7.00818e-09	 1.90543e-07	 -2.21617e-08
0.0015499	 0.2	 1.22081e-08	 -14.4	 1.08862e-08	 2.41418e-07	 -3.44154e-08
0.0015499	 0.2	 1.22083e-08	 -14.4	 1.08869e-08	 2.41453e-07	 -3.43898e-08
0.00197972	 0.2	 1.29731e-08	 -14.4	 1.15805e-08	 2.51526e-07	 -3.65728e-08
0.00197972	 0.2	 1.94465e-08	 -14.4	 1.7497e-08	 3.14383e-07	 -5.51539e-08
0.00197972	 0.2	 1.94404e-08	 -14.4	 1.74988e-08	 3.14151e-07	 -5.52322e-08
0.00249549	 0.2	 2.06073e-08	 -14.4	 1.85654e-08	 3.26471e-07	 -5.86149e-08
0.00249549	 0.2	 3.03019e-08	 -14.4	 2.74903e-08	 4.03366e-07	 -8.69186e-08
0.00249549	 0.2	 3.03105e-08	 -14.4	 2.74898e-08	 4.03172e-07	 -8.68545e-08
0.00311429	 0.2	 3.20718e-08	 -14.4	 2.91048e-08	 4.18274e-07	 -9.19444e-08
0.00311429	 0.199999	 4.65328e-08	 -14.4	 4.24351e-08	 5.12379e-07	 -1.34043e-07
0.00311429	 0.199999	 4.65285e-08	 -14.4	 4.24348e-08	 5.12189e-07	 -1.34049e-07
0.00385657	 0.199999	 4.91532e-08	 -14.4	 4.48527e-08	 5.30687e-07	 -1.41691e-07
0.00385657	 0.199999	 7.05271e-08	 -14.4	 6.46141e-08	 6.45925e-07	 -2.04108e-07
0.00385657	 0.199999	 7.05252e-08	 -14.4	 6.46158e-08	 6.45764e-07	 -2.04113e-07
0.00474757	 0.199999	 7.44335e-08	 -14.4	 6.82268e-08	 6.68533e-07	 -2.15519e-07
0.00474757	 0.199998	 1.05897e-07	 -14.4	 9.73913e-08	 8.10036e-07	 -3.07625e-07
0.00474757	 0.199998	 1.059e-07	 -14.4	 9.73909e-08	 8.09857e-07	 -3.07621e-07
0.00581659	 0.199998	 1.11651e-07	 -14.4	 1.02716e-07	 8.37729e-07	 -3.24437e-07
0.00581659	 0.199996	 1.57777e-07	 -14.4	 1.45535e-07	 1.0117e-06	 -4.59639e-07
0.00581659	 0.199996	 1.57778e-07	 -14.4	 1.45537e-07	 1.01151e-06	 -4.59632e-07
0.00709941	 0.199996	 1.6623e-07	 -14.4	 1.53378e-07	 1.04581e-06	 -4.8439e-07
0.00709941	 0.199994	 2.33637e-07	 -14.4	 2.16043e-07	 1.26028e-06	 -6.82177e-07
0.00709941	 0.199994	 2.33636e-07	 -14.4	 2.1604e-07	 1.26006e-06	 -6.82176e-07
0.00863879	 0.199994	 2.46005e-07	 -14.4	 2.2753e-07	 1.30231e-06	 -7.18451e-07
0.00863879	 0.199991	 3.44249e-07	 -14.4	 3.18955e-07	 1.56742e-06	 -1.00699e-06
0.00863879	 0.199991	 3.44256e-07	 -14.4	 3.18956e-07	 1.56719e-06	 -1.00701e-06
0.0104849	 0.19999	 3.62238e-07	 -14.4	 3.35681e-07	 1.61918e-06	 -1.0598e-06
0.0104849	 0.199986	 5.05047e-07	 -14.4	 4.6867e-07	 1.94781e-06	 -1.47954e-06
0.0104849	 0.199986	 5.05045e-07	 -14.4	 4.68677e-07	 1.9476e-06	 -1.47956e-06
0.0126986	 0.199985	 5.31183e-07	 -14.4	 4.93013e-07	 2.01193e-06	 -1.55637e-06
0.0126986	 0.199978	 7.38328e-07	 -14.4	 6.86076e-07	 2.42106e-06	 -2.16567e-06
0.0126986	 0.199978	 7.38318e-07	 -14.4	 6.86084e-07	 2.4208e-06	 -2.16564e-06
0.0153526	 0.199977	 7.76222e-07	 -14.4	 7.21408e-07	 2.50066e-06	 -2.2771e-06
0.0153526	 0.199967	 1.07613e-06	 -14.3999	 1.00118e-06	 3.01223e-06	 -3.15978e-06
0.0153526	 0.199967	 1.07613e-06	 -14.3999	 1.00116e-06	 3.01199e-06	 -3.15979e-06
0.0185392	 0.199966	 1.13153e-06	 -14.3999	 1.05281e-06	 3.11255e-06	 -3.32279e-06
0.0185392	 0.199951	 1.56602e-06	 -14.3999	 1.45826e-06	 3.75678e-06	 -4.60218e-06
0.0185392	 0.199951	 1.56601e-06	 -14.3999	 1.4583e-06	 3.75636e-06	 -4.60219e-06
0.0223581	 0.199949	 1.64542e-06	 -14.3999	 1.53239e-06	 3.88127e-06	 -4.83597e-06
0.0223581	 0.199928	 2.27287e-06	 -14.3999	 2.11833e-06	 4.69524e-06	 -6.68446e-06
0.0223581	 0.199928	 2.27286e-06	 -14.3999	 2.11831e-06	 4.69526e-06	 -6.68437e-06
0.026948	 0.199924	 2.38957e-06	 -14.3998	 2.22727e-06	 4.85555e-06	 -7.02813e-06
0.026948	 0.199893	 3.29803e-06	 -14.3998	 3.07594e-06	 5.89545e-06	 -9.70521e-06
0.026948	 0.199893	 3.29805e-06	 -14.3998	 3.07599e-06	 5.89431e-06	 -9.70545e-06
0.0324454	 0.199888	 3.46362e-06	 -14.3998	 3.23065e-06	 6.09398e-06	 -1.01933e-05
0.0324454	 0.199844	 4.77294e-06	 -14.3997	 4.45439e-06	 7.42299e-06	 -1.40535e-05
0.0324454	 0.199844	 4.77289e-06	 -14.3997	 4.45427e-06	 7.42401e-06	 -1.40531e-05
0.0390274	 0.199836	 5.01102e-06	 -14.3997	 4.67677e-06	 7.67854e-06	 -1.47549e-05
0.0390274	 0.199772	 6.89544e-06	 -14.3995	 6.43832e-06	 9.39607e-06	 -2.0311e-05
0.0390274	 0.199772	 6.89545e-06	 -14.3995	 6.43829e-06	 9.39524e-06	 -2.03109e-05
0.0469043	 0.19976	 7.23735e-06	 -14.3995	 6.75786e-06	 9.72149e-06	 -2.13189e-05
0.0469043	 0.199668	 9.94624e-06	 -14.3993	 9.29055e-06	 1.19518e-05	 -2.93069e-05
0.0469043	 0.199668	 9.94619e-06	 -14.3993	 9.29053e-06	 1.19515e-05	 -2.93068e-05
0.0563408	 0.199651	 1.04411e-05	 -14.3993	 9.75319e-06	 1.23768e-05	 -3.0766e-05
0.0563408	 0.199517	 1.43377e-05	 -14.3991	 1.33971e-05	 1.53003e-05	 -4.22578e-05
0.0563408	 0.199517	 1.43377e-05	 -14.3991	 1.33971e-05	 1.52993e-05	 -4.2258e-05
0.0677102	 0.199492	 1.50742e-05	 -14.399	 1.40857e-05	 1.58739e-05	 -4.44299e-05
0.0677102	 0.199298	 2.07165e-05	 -14.3986	 1.93629e-05	 1.97588e-05	 -6.10726e-05
0.0677102	 0.199298	 2.07168e-05	 -14.3986	 1.93635e-05	 1.97528e-05	 -6.10746e-05
0.0814204	 0.199261	 2.17887e-05	 -14.3986	 2.0366e-05	 2.05166e-05	 -6.42363e-05
0.0814204	 0.198978	 2.99726e-05	 -14.398	 2.80225e-05	 2.57066e-05	 -8.83823e-05
0.0814204	 0.198978	 2.99725e-05	 -14.398	 2.80221e-05	 2.57109e-05	 -8.83809e-05
0.0978236	 0.198927	 3.14552e-05	 -14.3979	 2.9409e-05	 2.66846e-05	 -9.27548e-05
0.0978236	 0.19852	 4.32148e-05	 -14.3971	 4.04112e-05	 3.3647e-05	 -0.000127451
0.0978236	 0.198521	 4.3213e-05	 -14.3971	 4.04088e-05	 3.36698e-05	 -0.000127441
0.117436	 0.198447	 4.53352e-05	 -14.397	 4.23939e-05	 3.4969e-05	 -0.000133701
0.117436	 0.197863	 6.22008e-05	 -14.3959	 5.81711e-05	 4.44466e-05	 -0.000183446
0.117436	 0.197863	 6.22003e-05	 -14.3959	 5.81713e-05	 4.44378e-05	 -0.000183445
0.140661	 0.197763	 6.50679e-05	 -14.3957	 6.08538e-05	 4.60856e-05	 -0.000191903
0.140661	 0.196934	 8.89618e-05	 -14.3941	 8.32078e-05	 5.88256e-05	 -0.000262373
0.140661	 0.196934	 8.89572e-05	 -14.3941	 8.32017e-05	 5.88838e-05	 -0.000262348
0.168382	 0.196786	 9.3228e-05	 -14.3938	 8.71961e-05	 6.12237e-05	 -0.000274941
0.168382	 0.195601	 0.000127331	 -14.3915	 0.000119093	 7.88425e-05	 -0.000375467
0.168382	 0.195601	 0.000127333	 -14.3915	 0.000119098	 7.87757e-05	 -0.000375479
0.201647	 0.195382	 0.000133637	 -14.3911	 0.000124995	 8.20649e-05	 -0.000394065
0.201647	 0.193677	 0.000182639	 -14.3878	 0.000170836	 0.000106254	 -0.0005385
0.201647	 0.193677	 0.000182637	 -14.3878	 0.000170833	 0.000106278	 -0.000538483
0.241564	 0.193362	 0.000191691	 -14.3872	 0.000179302	 0.000110821	 -0.000565171
0.241564	 0.19091	 0.000262114	 -14.3825	 0.000245178	 0.000144465	 -0.000772672
0.241564	 0.19091	 0.000262102	 -14.3825	 0.000245163	 0.000144598	 -0.000772595
0.288967	 0.190486	 0.000274295	 -14.3817	 0.000256567	 0.000150519	 -0.000808521
0.288967	 0.187005	 0.00037419	 -14.375	 0.000349991	 0.000197337	 -0.00110265
0.288967	 0.187006	 0.000374153	 -14.3751	 0.000349943	 0.000197687	 -0.00110245
0.343662	 0.186512	 0.000388346	 -14.3741	 0.000363213	 0.000204439	 -0.00114424
0.343662	 0.181751	 0.000524891	 -14.365	 0.000490846	 0.000268337	 -0.00154582
0.343662	 0.181755	 0.0005248	 -14.365	 0.000490721	 0.000269262	 -0.00154532
0.421831	 0.179864	 0.000579055	 -14.3614	 0.000541416	 0.00029508	 -0.00170487
0.421831	 0.17144	 0.000820646	 -14.3453	 0.000766914	 0.000411375	 -0.00241367
0.421831	 0.171413	 0.000821315	 -14.3451	 0.000767847	 0.000400391	 -0.00241722
0.5	 0.171407	 0.000821486	 -14.3451	 0.000768023	 0.000399379	 -0.00241787
0.5	 0.161479	 0.00110591	 -14.3259	 0.00103423	 0.000503541	 -0.00325614
0.5	 0.161546	 0.00110423	 -14.3263	 0.00103171	 0.000530026	 -0.0032467
0.6	 0.159006	 0.0011771	 -14.3214	 0.00109952	 0.000565418	 -0.00346009
0.6	 0.143991	 0.00160814	 -14.2932	 0.00149875	 0.00082134	 -0.00471214
0.6	 0.143928	 0.00160964	 -14.2927	 0.00150128	 0.00078437	 -0.00472177
0.733333	 0.13926	 0.00174343	 -14.2838	 0.0016261	 0.000845907	 -0.00511353
0.733333	 0.114481	 0.00245363	 -14.2359	 0.00228729	 0.00113888	 -0.00719024
0.733333	 0.114516	 0.00245275	 -14.2362	 0.00228519	 0.00115466	 -0.0071839
0.866667	 0.11452	 0.00245281	 -14.2362	 0.0022848	 0.00115487	 -0.00718384
0.866667	 0.0857306	 0.00327834	 -14.1808	 0.00304892	 0.00150823	 -0.00958787
0.866667	 0.0859219	 0.00327384	 -14.1817	 0.00304163	 0.00157054	 -0.00956193
1	 0.0859549	 0.00327265	 -14.1818	 0.00303978	 0.00157161	 -0.00955866
1	 0.0537122	 0.00419876	 -14.1213	 0.00388511	 0.00213014	 -0.0122195
1	 0.053734	 0.00419869	 -14.1209	 0.00388524	 0.00210514	 -0.0122202
1.11111	 0.0587883	 0.00405211	 -14.1305	 0.00375138	 0.00201418	 -0.0118007
1.11111	 0.029612	 0.00488967	 -14.0754	 0.00451317	 0.0024846	 -0.0142046
1.11111	 0.0296986	 0.00488631	 -14.0758	 0.0045089	 0.00250335	 -0.0141919
1.2381	 0.0257383	 0.00499973	 -14.0683	 0.00461154	 0.00256795	 -0.0145182
1.2381	 -0.0108532	 0.0060487	 -14	 0.00555461	 0.00323704	 -0.0175077
1.2381	 -0.0109609	 0.00605126	 -13.9994	 0.00555689	 0.00318144	 -0.0175222
1.36905	 -0.012089	 0.00608386	 -13.9973	 0.00558672	 0.00318961	 -0.0176159
1.36905	 -0.0536714	 0.00727441	 -13.9189	 0.00665068	 0.00379461	 -0.0210166
1.36905	 -0.0535615	 0.00727215	 -13.9196	 0.00664619	 0.00382797	 -0.0210006
1.5	 -0.0535484	 0.00727142	 -13.9196	 0.00664308	 0.00382179	 -0.0209995
1.5	 -0.0984044	 0.00855544	 -13.8362	 0.0077714	 0.00450283	 -0.0246433
1.5	 -0.0983402	 0.00855255	 -13.8364	 0.00776739	 0.004499	 -0.0246341
1.66667	 -0.110093	 0.00889071	 -13.8145	 0.00806449	 0.00466745	 -0.0255919
1.66667	 -0.173065	 0.0106877	 -13.6986	 0.00961913	 0.00554441	 -0.0306679
1.66667	 -0.173138	 0.0106972	 -13.6981	 0.0096169	 0.00545905	 -0.0306852
1.83333	 -0.173183	 0.0106944	 -13.698	 0.00961318	 0.00542873	 -0.0306864
1.83333	 -0.241883	 0.0126583	 -13.5714	 0.0112649	 0.00601707	 -0.0362187
1.83333	 -0.241614	 0.0126477	 -13.5729	 0.0112505	 0.00608363	 -0.0361818
2	 -0.241596	 0.0126463	 -13.573	 0.0112494	 0.00605987	 -0.0361788
2	 -0.315095	 0.01474	 -13.4406	 0.0129639	 0.0066271	 -0.0420418
2	 -0.315025	 0.0147393	 -13.4407	 0.0129573	 0.00658079	 -0.0420333
2.16667	 -0.31504	 0.0147399	 -13.4407	 0.0129534	 0.00655226	 -0.0420384
2.16667	 -0.393566	 0.0169775	 -13.3008	 0.0147224	 0.00684059	 -0.0482742
2.16667	 -0.393488	 0.0169707	 -13.3012	 0.0147147	 0.00681204	 -0.0482628
2.33333	 -0.393512	 0.0169703	 -13.3012	 0.0147152	 0.00678503	 -0.0482647
2.33333	 -0.476989	 0.0193261	 -13.1546	 0.0165336	 0.00677297	 -0.054846
2.33333	 -0.476925	 0.0193327	 -13.1549	 0.0165231	 0.00668478	 -0.0548431
2.5	 -0.476939	 0.0193337	 -13.1549	 0.0165174	 0.00665522	 -0.0548483
2.5	 -0.5653	 0.0218328	 -13.0019	 0.0183524	 0.00610812	 -0.0617874
2.5	 -0.565222	 0.021828	 -13.0022	 0.0183445	 0.00605723	 -0.0617784
2.66667	 -0.565306	 0.0218301	 -13.0008	 0.0183457	 0.00579648	 -0.0617813
2.66667	 -0.658774	 0.0244551	 -12.8349	 0.0202002	 0.00348357	 -0.0690581
2.66667	 -0.659132	 0.0244542	 -12.826	 0.0201862	 0.00181467	 -0.0690499
2.77778	 -0.630418	 0.0235961	 -12.8417	 0.0195638	 -0.00389102	 -0.0666857
2.77778	 -0.700195	 0.0253703	 -12.5897	 0.0207479	 -0.0291348	 -0.0716382
2.77778	 -0.698703	 0.0253729	 -12.6409	 0.0207755	 -0.0226356	 -0.0716298
2.88889	 -0.697959	 0.0253749	 -12.6554	 0.0207787	 -0.0198007	 -0.0716275
2.88889	 -0.769721	 0.0272001	 -12.4345	 0.0219969	 -0.0437301	 -0.0766878
2.88889	 -0.767814	 0.0272124	 -12.4839	 0.0220113	 -0.0353344	 -0.0767158
3	 -0.767478	 0.0272139	 -12.4868	 0.0220098	 -0.034051	 -0.0767187
3	 -0.837533	 0.0291232	 -12.3615	 0.0232569	 -0.0406863	 -0.0819845
3	 -0.838053	 0.0291154	 -12.3379	 0.0232482	 -0.0432171	 -0.081974
3.125	 -0.846937	 0.0293486	 -12.3152	 0.0234017	 -0.0451631	 -0.0826205
3.125	 -0.929525	 0.0315566	 -12.1256	 0.024791	 -0.0563267	 -0.0887291
3.125	 -0.931306	 0.0315496	 -12.0865	 0.0247651	 -0.0632858	 -0.0887232
3.25	 -0.933805	 0.0315433	 -12.0263	 0.0247267	 -0.0734061	 -0.0887122
3.25	 -1.03188	 0.0337844	 -11.5305	 0.0259213	 -0.135256	 -0.0949573
3.25	 -1.03161	 0.033791	 -11.5695	 0.0259324	 -0.132544	 -0.0949698
3.33333	 -1.00152	 0.0330469	 -11.6621	 0.0254872	 -0.12195	 -0.0928934
3.33333	 -1.07271	 0.0345555	 -11.2305	 0.026192	 -0.182854	 -0.0970878
3.33333	 -1.07049	 0.034567	 -11.2993	 0.0262365	 -0.173403	 -0.0971016
3.41667	 -1.07015	 0.0345676	 -11.2954	 0.0262349	 -0.172767	 -0.0970967
3.41667	 -1.14074	 0.036125	 -10.9146	 0.0269604	 -0.227421	 -0.101365
3.41667	 -1.14218	 0.0361161	 -10.8665	 0.0269191	 -0.232761	 -0.10137
3.5	 -1.1439	 0.0361035	 -10.8147	 0.0269003	 -0.240179	 -0.101356
3.5	 -1.22563	 0.0376363	 -10.1288	 0.027435	 -0.336077	 -0.105657
3.5	 -1.21777	 0.0376798	 -10.3418	 0.0275821	 -0.305346	 -0.105699
3.5625	 -1.19784	 0.0372909	 -10.4802	 0.0274028	 -0.283522	 -0.104618
3.5625	 -1.24624	 0.0385148	 -10.2751	 0.0279794	 -0.305015	 -0.107936
3.5625	 -1.24872	 0.0384931	 -10.197	 0.0279297	 -0.314647	 -0.107916
3.63542	 -1.25767	 0.0386924	 -10.1435	 0.0280144	 -0.321522	 -0.108466
3.63542	 -1.31833	 0.0401005	 -9.74266	 0.0285452	 -0.360638	 -0.112361
3.63542	 -1.31754	 0.0401112	 -9.77116	 0.0285639	 -0.357363	 -0.112373
3.70833	 -1.31723	 0.0401108	 -9.77595	 0.0285737	 -0.356302	 -0.112374
3.70833	 -1.37493	 0.0415596	 -9.43137	 0.0291215	 -0.381873	 -0.116353
3.70833	 -1.37623	 0.041555	 -9.40836	 0.0291096	 -0.386259	 -0.116349
3.78125	 -1.37662	 0.0415546	 -9.40042	 0.0291063	 -0.387648	 -0.116347
3.78125	 -1.43725	 0.0430176	 -8.98577	 0.0295937	 -0.420676	 -0.120378
3.78125	 -1.4338	 0.0430336	 -9.06377	 0.0296337	 -0.408554	 -0.120385
3.85417	 -1.43392	 0.0430279	 -9.05461	 0.02963	 -0.409044	 -0.120384
3.85417	 -1.48641	 0.0445391	 -8.79244	 0.0301703	 -0.411025	 -0.124489
3.85417	 -1.48842	 0.0445251	 -8.73931	 0.0301376	 -0.418168	 -0.124481
3.92708	 -1.48865	 0.0445242	 -8.73735	 0.030152	 -0.418791	 -0.124483
3.92708	 -1.54338	 0.0460295	 -8.38854	 0.0306495	 -0.425911	 -0.128641
3.92708	 -1.54217	 0.0460438	 -8.42311	 0.0306468	 -0.421466	 -0.128645
4	 -1.54119	 0.0460479	 -8.44312	 0.0306619	 -0.418059	 -0.128647
4	 -1.58987	 0.0476075	 -8.21459	 0.0311765	 -0.400776	 -0.132878
4	 -1.59218	 0.0475938	 -8.15868	 0.0311427	 -0.409052	 -0.132868
4.07143	 -1.59139	 0.0475639	 -8.16267	 0.0311347	 -0.409897	 -0.132785
4.07143	 -1.64303	 0.0490841	 -7.82781	 0.0315544	 -0.404039	 -0.136973
4.07143	 -1.64189	 0.049095	 -7.86193	 0.0315781	 -0.399851	 -0.13698
4.14881	 -1.64582	 0.0492226	 -7.84165	 0.0316155	 -0.398212	 -0.137326
4.14881	 -1.69787	 0.0509193	 -7.55891	 0.0320841	 -0.374355	 -0.141946
4.14881	 -1.69985	 0.0509074	 -7.51194	 0.0320521	 -0.381464	 -0.141941
4.21429	 -1.69179	 0.0506498	 -7.55812	 0.0319788	 -0.384544	 -0.141237
4.21429	 -1.73959	 0.0520801	 -7.22418	 0.0322989	 -0.375319	 -0.145184
4.21429	 -1.7383	 0.052089	 -7.25685	 0.0323219	 -0.370808	 -0.145185
4.28571	 -1.74223	 0.0522181	 -7.23292	 0.0323545	 -0.368766	 -0.145539
4.28571	 -1.79131	 0.0538128	 -6.9235	 0.0327096	 -0.34534	 -0.149898
4.28571	 -1.79354	 0.0538001	 -6.86984	 0.0326686	 -0.353317	 -0.149895
4.33673	 -1.78093	 0.0533381	 -6.92496	 0.0325274	 -0.364747	 -0.148658
4.33673	 -1.82355	 0.0544433	 -6.52239	 0.0326103	 -0.374163