Time	 Node0px 	 Node0py 	 Node0pz 	 Node1px 	 Node1py 	 Node1pz 	 
(s)	 (m) 	(m) 	(m) 	(m) 	(m) 	(m) 	
0	 179.55	 -305.69	 -13.44	 30	 -51.5	 -28.76	 
0.000120005	 179.55	 -305.69	 -13.44	 30	 -51.5	 -28.76	 
0.000120005	 179.55	 -305.69	 -13.44	 30	 -51.5	 -28.76	 
0.000120005	 179.55	 -305.69	 -13.44	 30	 -51.5	 -28.76	 
0.000264017	 179.55	 -305.69	 -13.44	 30	 -51.5	 -28.76	 
0.000264017	 179.55	 -305.69	 -13.44	 30	 -51.5	 -28.76	 
0.000264017	 179.55	 -305.69	 -13.44	 30	 -51.5	 -28.76	 
0.000436833	 179.55	 -305.69	 -13.44	 30	 -51.5	 -28.76	 
0.000436833	 179.55	 -305.69	 -13.44	 30	 -51.5	 -28.76	 
0.000436833	 179.55	 -305.69	 -13.44	 30	 -51.5	 -28.76	 
0.000644211	 179.55	 -305.69	 -13.44	 30	 -51.5	 -28.76	 
0.000644211	 179.55	 -305.69	 -13.44	 30	 -51.5	 -28.76	 
0.000644211	 179.55	 -305.69	 -13.44	 30	 -51.5	 -28.76	 
0.000893055	 179.55	 -305.69	 -13.44	 30	 -51.5	 -28.76	 
0.000893055	 179.55	 -305.69	 -13.44	 30	 -51.5	 -28.76	 
0.000893055	 179.55	 -305.69	 -13.44	 30	 -51.5	 -28.76	 
0.00119165	 179.55	 -305.69	 -13.44	 30	 -51.5	 -28.76	 
0.00119165	 179.55	 -305.69	 -13.44	 30	 -51.5	 -28.76	 
0.00119165	 179.55	 -305.69	 -13.44	 30	 -51.5	 -28.76	 
0.0015499	 179.55	 -305.69	 -13.44	 30	 -51.5	 -28.76	 
0.0015499	 179.55	 -305.69	 -13.44	 30	 -51.5	 -28.76	 
0.0015499	 179.55	 -305.69	 -13.44	 30	 -51.5	 -28.76	 
0.00197972	 179.55	 -305.69	 -13.44	 30	 -51.5	 -28.76	 
0.00197972	 179.55	 -305.69	 -13.44	 30	 -51.5	 -28.76	 
0.00197972	 179.55	 -305.69	 -13.44	 30	 -51.5	 -28.76	 
0.00249549	 179.55	 -305.69	 -13.44	 30	 -51.5	 -28.76	 
0.00249549	 179.55	 -305.69	 -13.44	 30	 -51.5	 -28.76	 
0.00249549	 179.55	 -305.69	 -13.44	 30	 -51.5	 -28.76	 
0.00311429	 179.55	 -305.69	 -13.44	 30	 -51.5	 -28.76	 
0.00311429	 179.55	 -305.69	 -13.44	 30	 -51.5	 -28.76	 
0.00311429	 179.55	 -305.69	 -13.44	 30	 -51.5	 -28.76	 
0.00385657	 179.55	 -305.69	 -13.44	 30	 -51.5	 -28.76	 
0.00385657	 179.55	 -305.69	 -13.44	 30	 -51.5	 -28.76	 
0.00385657	 179.55	 -305.69	 -13.44	 30	 -51.5	 -28.76	 
0.00474757	 179.55	 -305.69	 -13.44	 30	 -51.5	 -28.76	 
0.00474757	 179.55	 -305.69	 -13.44	 30	 -51.5	 -28.76	 
0.00474757	 179.55	 -305.69	 -13.44	 30	 -51.5	 -28.76	 
0.00581659	 179.55	 -305.69	 -13.44	 30	 -51.5	 -28.76	 
0.00581659	 179.55	 -305.69	 -13.44	 30	 -51.5	 -28.76	 
0.00581659	 179.55	 -305.69	 -13.44	 30	 -51.5	 -28.76	 
0.00709941	 179.55	 -305.69	 -13.44	 30	 -51.5	 -28.76	 
0.00709941	 179.55	 -305.69	 -13.44	 30	 -51.5	 -28.76	 
0.00709941	 179.55	 -305.69	 -13.44	 30	 -51.5	 -28.76	 
0.00863879	 179.55	 -305.69	 -13.44	 30	 -51.5	 -28.76	 
0.00863879	 179.55	 -305.69	 -13.44	 30	 -51.5	 -28.76	 
0.00863879	 179.55	 -305.69	 -13.44	 30	 -51.5	 -28.76	 
0.0104849	 179.55	 -305.69	 -13.44	 30	 -51.5	 -28.76	 
0.0104849	 179.55	 -305.69	 -13.44	 30	 -51.5	 -28.76	 
0.0104849	 179.55	 -305.69	 -13.44	 30	 -51.5	 -28.76	 
0.0126986	 179.55	 -305.69	 -13.44	 30	 -51.5	 -28.76	 
0.0126986	 179.55	 -305.69	 -13.44	 30	 -51.5	 -28.76	 
0.0126986	 179.55	 -305.69	 -13.44	 30	 -51.5	 -28.76	 
0.0153526	 179.55	 -305.69	 -13.44	 30	 -51.5	 -28.76	 
0.0153526	 179.55	 -305.69	 -13.44	 30	 -51.5	 -28.7599	 
0.0153526	 179.55	 -305.69	 -13.44	 30	 -51.5	 -28.7599	 
0.0185392	 179.55	 -305.69	 -13.44	 30	 -51.5	 -28.7599	 
0.0185392	 179.55	 -305.69	 -13.44	 29.9999	 -51.5	 -28.7599	 
0.0185392	 179.55	 -305.69	 -13.44	 29.9999	 -51.5	 -28.7599	 
0.0223581	 179.55	 -305.69	 -13.44	 29.9999	 -51.5	 -28.7599	 
0.0223581	 179.55	 -305.69	 -13.44	 29.9999	 -51.5	 -28.7599	 
0.0223581	 179.55	 -305.69	 -13.44	 29.9999	 -51.5	 -28.7599	 
0.026948	 179.55	 -305.69	 -13.44	 29.9999	 -51.5	 -28.7598	 
0.026948	 179.55	 -305.69	 -13.44	 29.9999	 -51.5	 -28.7598	 
0.026948	 179.55	 -305.69	 -13.44	 29.9999	 -51.5	 -28.7598	 
0.0324454	 179.55	 -305.69	 -13.44	 29.9999	 -51.5	 -28.7598	 
0.0324454	 179.55	 -305.69	 -13.44	 29.9998	 -51.5	 -28.7597	 
0.0324454	 179.55	 -305.69	 -13.44	 29.9998	 -51.5	 -28.7597	 
0.0390274	 179.55	 -305.69	 -13.44	 29.9998	 -51.5	 -28.7597	 
0.0390274	 179.55	 -305.69	 -13.44	 29.9998	 -51.5	 -28.7596	 
0.0390274	 179.55	 -305.69	 -13.44	 29.9998	 -51.5	 -28.7596	 
0.0469043	 179.55	 -305.69	 -13.44	 29.9997	 -51.5	 -28.7595	 
0.0469043	 179.55	 -305.69	 -13.44	 29.9996	 -51.5	 -28.7594	 
0.0469043	 179.55	 -305.69	 -13.44	 29.9996	 -51.5	 -28.7594	 
0.0563408	 179.55	 -305.69	 -13.44	 29.9996	 -51.5	 -28.7593	 
0.0563408	 179.55	 -305.69	 -13.44	 29.9995	 -51.5	 -28.7591	 
0.0563408	 179.55	 -305.69	 -13.44	 29.9995	 -51.5	 -28.7591	 
0.0677102	 179.55	 -305.69	 -13.44	 29.9994	 -51.5	 -28.759	 
0.0677102	 179.55	 -305.69	 -13.44	 29.9992	 -51.5	 -28.7587	 
0.0677102	 179.55	 -305.69	 -13.44	 29.9992	 -51.5	 -28.7587	 
0.0814204	 179.55	 -305.69	 -13.44	 29.9992	 -51.5	 -28.7586	 
0.0814204	 179.55	 -305.69	 -13.44	 29.9989	 -51.5	 -28.7581	 
0.0814204	 179.55	 -305.69	 -13.44	 29.9989	 -51.5	 -28.7581	 
0.0978236	 179.55	 -305.69	 -13.44	 29.9988	 -51.5	 -28.758	 
0.0978236	 179.55	 -305.69	 -13.44	 29.9984	 -51.5	 -28.7572	 
0.0978236	 179.55	 -305.69	 -13.44	 29.9984	 -51.5	 -28.7572	 
0.117436	 179.55	 -305.69	 -13.44	 29.9983	 -51.5	 -28.757	 
0.117436	 179.55	 -305.69	 -13.44	 29.9977	 -51.5	 -28.7559	 
0.117436	 179.55	 -305.69	 -13.44	 29.9977	 -51.5	 -28.7559	 
0.140661	 179.55	 -305.69	 -13.44	 29.9976	 -51.5	 -28.7558	 
0.140661	 179.55	 -305.69	 -13.44	 29.9967	 -51.5	 -28.7542	 
0.140661	 179.55	 -305.69	 -13.44	 29.9967	 -51.5	 -28.7542	 
0.168382	 179.55	 -305.69	 -13.44	 29.9965	 -51.5	 -28.7539	 
0.168382	 179.55	 -305.69	 -13.44	 29.9952	 -51.5	 -28.7517	 
0.168382	 179.55	 -305.69	 -13.44	 29.9952	 -51.5	 -28.7517	 
0.201647	 179.55	 -305.69	 -13.44	 29.995	 -51.5	 -28.7513	 
0.201647	 179.55	 -305.69	 -13.44	 29.9932	 -51.5001	 -28.748	 
0.201647	 179.55	 -305.69	 -13.44	 29.9932	 -51.5001	 -28.748	 
0.241564	 179.55	 -305.69	 -13.44	 29.9928	 -51.5001	 -28.7475	 
0.241564	 179.55	 -305.69	 -13.44	 29.9902	 -51.5001	 -28.7428	 
0.241564	 179.55	 -305.69	 -13.44	 29.9902	 -51.5001	 -28.7428	 
0.288967	 179.55	 -305.69	 -13.44	 29.9897	 -51.5001	 -28.742	 
0.288967	 179.55	 -305.69	 -13.44	 29.986	 -51.5001	 -28.7355	 
0.288967	 179.55	 -305.69	 -13.44	 29.986	 -51.5001	 -28.7355	 
0.343662	 179.55	 -305.69	 -13.44	 29.9854	 -51.5001	 -28.7345	 
0.343662	 179.55	 -305.69	 -13.44	 29.9803	 -51.5002	 -28.7256	 
0.343662	 179.55	 -305.69	 -13.44	 29.9803	 -51.5002	 -28.7256	 
0.421831	 179.55	 -305.69	 -13.44	 29.9783	 -51.5002	 -28.722	 
0.421831	 179.55	 -305.69	 -13.44	 29.9692	 -51.5002	 -28.7062	 
0.421831	 179.55	 -305.69	 -13.44	 29.9691	 -51.5002	 -28.706	 
0.5	 179.55	 -305.69	 -13.44	 29.9691	 -51.5002	 -28.706	 
0.5	 179.55	 -305.69	 -13.44	 29.9584	 -51.5003	 -28.6871	 
0.5	 179.55	 -305.69	 -13.44	 29.9585	 -51.5003	 -28.6875	 
0.6	 179.55	 -305.69	 -13.44	 29.9558	 -51.5003	 -28.6827	 
0.6	 179.55	 -305.69	 -13.44	 29.9395	 -51.5005	 -28.655	 
0.6	 179.55	 -305.69	 -13.44	 29.9395	 -51.5005	 -28.6544	 
0.733333	 179.55	 -305.69	 -13.44	 29.9345	 -51.5005	 -28.6457	 
0.733333	 179.55	 -305.69	 -13.44	 29.9077	 -51.5007	 -28.5986	 
0.733333	 179.55	 -305.69	 -13.44	 29.9078	 -51.5007	 -28.5988	 
0.866667	 179.55	 -305.69	 -13.44	 29.9078	 -51.5007	 -28.5988	 
0.866667	 179.55	 -305.69	 -13.44	 29.8767	 -51.5009	 -28.5443	 
0.866667	 179.55	 -305.69	 -13.44	 29.8769	 -51.5009	 -28.5453	 
1	 179.55	 -305.69	 -13.44	 29.877	 -51.5009	 -28.5454	 
1	 179.55	 -305.69	 -13.44	 29.8422	 -51.5012	 -28.4859	 
1	 179.55	 -305.69	 -13.44	 29.8422	 -51.5012	 -28.4855	 
1.11111	 179.55	 -305.69	 -13.44	 29.8477	 -51.5011	 -28.4949	 
1.11111	 179.55	 -305.69	 -13.44	 29.8162	 -51.5014	 -28.4407	 
1.11111	 179.55	 -305.69	 -13.44	 29.8163	 -51.5014	 -28.4411	 
1.2381	 179.55	 -305.69	 -13.44	 29.812	 -51.5014	 -28.4338	 
1.2381	 179.55	 -305.69	 -13.44	 29.7726	 -51.5017	 -28.3667	 
1.2381	 179.55	 -305.69	 -13.44	 29.7725	 -51.5017	 -28.366	 
1.36905	 179.55	 -305.69	 -13.44	 29.7713	 -51.5017	 -28.3639	 
1.36905	 179.55	 -305.69	 -13.44	 29.7265	 -51.502	 -28.2869	 
1.36905	 179.55	 -305.69	 -13.44	 29.7266	 -51.502	 -28.2875	 
1.5	 179.55	 -305.69	 -13.44	 29.7266	 -51.502	 -28.2876	 
1.5	 