Time	 FairTen1	 FairTen3	 AnchTen1	 AnchTen3	 L1N1pZ	 L3N1pZ	 
(s)	 (N)       	 (N)       	 (N)       	 (N)       	 (m)       	 (m)       	 
0	 3.34673e+06	 9.71757e+06	 3.34837e+06	 9.71883e+06	 -28.76	 -28.76	 
0.000120005	 3.34673e+06	 9.71757e+06	 3.34837e+06	 9.71883e+06	 -28.76	 -28.76	 
0.000120005	 3.34673e+06	 9.71757e+06	 3.34837e+06	 9.71883e+06	 -28.76	 -28.76	 
0.000120005	 3.34673e+06	 9.71757e+06	 3.34837e+06	 9.71883e+06	 -28.76	 -28.76	 
0.000264017	 3.34673e+06	 9.71757e+06	 3.34837e+06	 9.71883e+06	 -28.76	 -28.76	 
0.000264017	 3.34673e+06	 9.71757e+06	 3.34837e+06	 9.71883e+06	 -28.76	 -28.76	 
0.000264017	 3.34673e+06	 9.71757e+06	 3.34837e+06	 9.71883e+06	 -28.76	 -28.76	 
0.000436833	 3.34673e+06	 9.71757e+06	 3.34837e+06	 9.71883e+06	 -28.76	 -28.76	 
0.000436833	 3.34673e+06	 9.71757e+06	 3.34837e+06	 9.71883e+06	 -28.76	 -28.76	 
0.000436833	 3.34673e+06	 9.71757e+06	 3.34837e+06	 9.71883e+06	 -28.76	 -28.76	 
0.000644211	 3.34673e+06	 9.71757e+06	 3.34837e+06	 9.71883e+06	 -28.76	 -28.76	 
0.000644211	 3.34673e+06	 9.71757e+06	 3.34837e+06	 9.71883e+06	 -28.76	 -28.76	 
0.000644211	 3.34673e+06	 9.71757e+06	 3.34837e+06	 9.71883e+06	 -28.76	 -28.76	 
0.000893055	 3.34673e+06	 9.71757e+06	 3.34837e+06	 9.71883e+06	 -28.76	 -28.76	 
0.000893055	 3.34673e+06	 9.71757e+06	 3.34837e+06	 9.71883e+06	 -28.76	 -28.76	 
0.000893055	 3.34673e+06	 9.71757e+06	 3.34837e+06	 9.71883e+06	 -28.76	 -28.76	 
0.00119165	 3.34673e+06	 9.71757e+06	 3.34837e+06	 9.71883e+06	 -28.76	 -28.76	 
0.00119165	 3.34673e+06	 9.71757e+06	 3.34837e+06	 9.71883e+06	 -28.76	 -28.76	 
0.00119165	 3.34673e+06	 9.71757e+06	 3.34837e+06	 9.71883e+06	 -28.76	 -28.76	 
0.0015499	 3.34673e+06	 9.71757e+06	 3.34837e+06	 9.71883e+06	 -28.76	 -28.76	 
0.0015499	 3.34673e+06	 9.71757e+06	 3.34837e+06	 9.71883e+06	 -28.76	 -28.76	 
0.0015499	 3.34673e+06	 9.71757e+06	 3.34837e+06	 9.71883e+06	 -28.76	 -28.76	 
0.00197972	 3.34673e+06	 9.71757e+06	 3.34837e+06	 9.71883e+06	 -28.76	 -28.76	 
0.00197972	 3.34673e+06	 9.71757e+06	 3.34837e+06	 9.71883e+06	 -28.76	 -28.76	 
0.00197972	 3.34673e+06	 9.71757e+06	 3.34837e+06	 9.71883e+06	 -28.76	 -28.76	 
0.00249549	 3.34673e+06	 9.71757e+06	 3.34837e+06	 9.71883e+06	 -28.76	 -28.76	 
0.00249549	 3.34673e+06	 9.71757e+06	 3.34837e+06	 9.71883e+06	 -28.76	 -28.76	 
0.00249549	 3.34673e+06	 9.71757e+06	 3.34837e+06	 9.71883e+06	 -28.76	 -28.76	 
0.00311429	 3.34673e+06	 9.71757e+06	 3.34837e+06	 9.71883e+06	 -28.76	 -28.76	 
0.00311429	 3.34673e+06	 9.71757e+06	 3.34837e+06	 9.71883e+06	 -28.76	 -28.76	 
0.00311429	 3.34673e+06	 9.71757e+06	 3.34837e+06	 9.71883e+06	 -28.76	 -28.76	 
0.00385657	 3.34673e+06	 9.71757e+06	 3.34837e+06	 9.71883e+06	 -28.76	 -28.76	 
0.00385657	 3.34673e+06	 9.71757e+06	 3.34837e+06	 9.71883e+06	 -28.76	 -28.76	 
0.00385657	 3.34673e+06	 9.71757e+06	 3.34837e+06	 9.71883e+06	 -28.76	 -28.76	 
0.00474757	 3.34673e+06	 9.71757e+06	 3.34837e+06	 9.71883e+06	 -28.76	 -28.76	 
0.00474757	 3.34673e+06	 9.71757e+06	 3.34837e+06	 9.71883e+06	 -28.76	 -28.76	 
0.00474757	 3.34673e+06	 9.71757e+06	 3.34837e+06	 9.71883e+06	 -28.76	 -28.76	 
0.00581659	 3.34673e+06	 9.71757e+06	 3.34837e+06	 9.71883e+06	 -28.76	 -28.76	 
0.00581659	 3.34673e+06	 9.71757e+06	 3.34837e+06	 9.71883e+06	 -28.76	 -28.76	 
0.00581659	 3.34673e+06	 9.71757e+06	 3.34837e+06	 9.71883e+06	 -28.76	 -28.76	 
0.00709941	 3.34673e+06	 9.71757e+06	 3.34837e+06	 9.71883e+06	 -28.76	 -28.76	 
0.00709941	 3.34673e+06	 9.71757e+06	 3.34837e+06	 9.71883e+06	 -28.76	 -28.76	 
0.00709941	 3.34673e+06	 9.71757e+06	 3.34837e+06	 9.71883e+06	 -28.76	 -28.76	 
0.00863879	 3.34673e+06	 9.71757e+06	 3.34837e+06	 9.71883e+06	 -28.76	 -28.76	 
0.00863879	 3.34673e+06	 9.71757e+06	 3.34837e+06	 9.71882e+06	 -28.76	 -28.76	 
0.00863879	 3.34673e+06	 9.71757e+06	 3.34837e+06	 9.71882e+06	 -28.76	 -28.76	 
0.0104849	 3.34673e+06	 9.71757e+06	 3.34837e+06	 9.71882e+06	 -28.76	 -28.76	 
0.0104849	 3.34673e+06	 9.71757e+06	 3.34837e+06	 9.71882e+06	 -28.76	 -28.76	 
0.0104849	 3.34673e+06	 9.71757e+06	 3.34837e+06	 9.71882e+06	 -28.76	 -28.76	 
0.0126986	 3.34673e+06	 9.71757e+06	 3.34837e+06	 9.71882e+06	 -28.76	 -28.76	 
0.0126986	 3.34673e+06	 9.71756e+06	 3.34837e+06	 9.71882e+06	 -28.76	 -28.76	 
0.0126986	 3.34673e+06	 9.71756e+06	 3.34837e+06	 9.71882e+06	 -28.76	 -28.76	 
0.0153526	 3.34673e+06	 9.71756e+06	 3.34837e+06	 9.71882e+06	 -28.76	 -28.7599	 
0.0153526	 3.34673e+06	 9.71756e+06	 3.34837e+06	 9.71881e+06	 -28.7599	 -28.7599	 
0.0153526	 3.34673e+06	 9.71756e+06	 3.34837e+06	 9.71881e+06	 -28.7599	 -28.7599	 
0.0185392	 3.34673e+06	 9.71756e+06	 3.34837e+06	 9.71881e+06	 -28.7599	 -28.7599	 
0.0185392	 3.34674e+06	 9.71755e+06	 3.34837e+06	 9.71881e+06	 -28.7599	 -28.7599	 
0.0185392	 3.34674e+06	 9.71755e+06	 3.34837e+06	 9.71881e+06	 -28.7599	 -28.7599	 
0.0223581	 3.34674e+06	 9.71755e+06	 3.34837e+06	 9.71881e+06	 -28.7599	 -28.7599	 
0.0223581	 3.34674e+06	 9.71754e+06	 3.34837e+06	 9.7188e+06	 -28.7599	 -28.7598	 
0.0223581	 3.34674e+06	 9.71754e+06	 3.34837e+06	 9.7188e+06	 -28.7599	 -28.7598	 
0.026948	 3.34674e+06	 9.71754e+06	 3.34837e+06	 9.7188e+06	 -28.7598	 -28.7598	 
0.026948	 3.34674e+06	 9.71753e+06	 3.34837e+06	 9.71878e+06	 -28.7598	 -28.7598	 
0.026948	 3.34674e+06	 9.71753e+06	 3.34837e+06	 9.71878e+06	 -28.7598	 -28.7598	 
0.0324454	 3.34674e+06	 9.71753e+06	 3.34837e+06	 9.71878e+06	 -28.7598	 -28.7598	 
0.0324454	 3.34674e+06	 9.71751e+06	 3.34838e+06	 9.71876e+06	 -28.7597	 -28.7597	 
0.0324454	 3.34674e+06	 9.71751e+06	 3.34838e+06	 9.71876e+06	 -28.7597	 -28.7597	 
0.0390274	 3.34674e+06	 9.71751e+06	 3.34838e+06	 9.71876e+06	 -28.7597	 -28.7597	 
0.0390274	 3.34675e+06	 9.71748e+06	 3.34838e+06	 9.71873e+06	 -28.7596	 -28.7595	 
0.0390274	 3.34675e+06	 9.71748e+06	 3.34838e+06	 9.71873e+06	 -28.7596	 -28.7595	 
0.0469043	 3.34675e+06	 9.71747e+06	 3.34838e+06	 9.71873e+06	 -28.7595	 -28.7595	 
0.0469043	 3.34675e+06	 9.71744e+06	 3.34838e+06	 9.71869e+06	 -28.7594	 -28.7593	 
0.0469043	 3.34675e+06	 9.71744e+06	 3.34838e+06	 9.71869e+06	 -28.7594	 -28.7593	 
0.0563408	 3.34675e+06	 9.71743e+06	 3.34839e+06	 9.71868e+06	 -28.7593	 -28.7593	 
0.0563408	 3.34676e+06	 9.71737e+06	 3.34839e+06	 9.71863e+06	 -28.7591	 -28.759	 
0.0563408	 3.34676e+06	 9.71737e+06	 3.34839e+06	 9.71863e+06	 -28.7591	 -28.759	 
0.0677102	 3.34676e+06	 9.71736e+06	 3.34839e+06	 9.71862e+06	 -28.759	 -28.759	 
0.0677102	 3.34677e+06	 9.71728e+06	 3.34841e+06	 9.71854e+06	 -28.7587	 -28.7586	 
0.0677102	 3.34677e+06	 9.71728e+06	 3.34841e+06	 9.71854e+06	 -28.7587	 -28.7586	 
0.0814204	 3.34677e+06	 9.71727e+06	 3.34841e+06	 9.71852e+06	 -28.7586	 -28.7585	 
0.0814204	 3.34679e+06	 9.71715e+06	 3.34842e+06	 9.71841e+06	 -28.7581	 -28.758	 
0.0814204	 3.34679e+06	 9.71715e+06	 3.34842e+06	 9.71841e+06	 -28.7581	 -28.758	 
0.0978236	 3.34679e+06	 9.71713e+06	 3.34843e+06	 9.71839e+06	 -28.758	 -28.7579	 
0.0978236	 3.34682e+06	 9.71697e+06	 3.34845e+06	 9.71822e+06	 -28.7572	 -28.7571	 
0.0978236	 3.34682e+06	 9.71697e+06	 3.34845e+06	 9.71822e+06	 -28.7572	 -28.7571	 
0.117436	 3.34682e+06	 9.71694e+06	 3.34845e+06	 9.71819e+06	 -28.757	 -28.757	 
0.117436	 3.34685e+06	 9.7167e+06	 3.34849e+06	 9.71795e+06	 -28.7559	 -28.7558	 
0.117436	 3.34685e+06	 9.7167e+06	 3.34849e+06	 9.71795e+06	 -28.7559	 -28.7558	 
0.140661	 3.34686e+06	 9.71666e+06	 3.34849e+06	 9.71791e+06	 -28.7558	 -28.7556	 
0.140661	 3.3469e+06	 9.71632e+06	 3.34854e+06	 9.71757e+06	 -28.7542	 -28.754	 
0.140661	 3.3469e+06	 9.71632e+06	 3.34854e+06	 9.71757e+06	 -28.7542	 -28.754	 
0.168382	 3.34691e+06	 9.71626e+06	 3.34854e+06	 9.71751e+06	 -28.7539	 -28.7537	 
0.168382	 3.34698e+06	 9.71577e+06	 3.34861e+06	 9.71702e+06	 -28.7517	 -28.7514	 
0.168382	 3.34698e+06	 9.71577e+06	 3.34861e+06	 9.71702e+06	 -28.7517	 -28.7514	 
0.201647	 3.34699e+06	 9.71568e+06	 3.34862e+06	 9.71693e+06	 -28.7513	 -28.751	 
0.201647	 3.34709e+06	 9.71498e+06	 3.34872e+06	 9.71624e+06	 -28.748	 -28.7477	 
0.201647	 3.34709e+06	 9.71498e+06	 3.34872e+06	 9.71624e+06	 -28.748	 -28.7477	 
0.241564	 3.3471e+06	 9.71485e+06	 3.34874e+06	 9.71611e+06	 -28.7475	 -28.7471	 
0.241564	 3.34724e+06	 9.71385e+06	 3.34887e+06	 9.7151e+06	 -28.7428	 -28.7424	 
0.241564	 3.34724e+06	 9.71385e+06	 3.34887e+06	 9.7151e+06	 -28.7428	 -28.7424	 
0.288967	 3.34726e+06	 9.71368e+06	 3.34889e+06	 9.71493e+06	 -28.742	 -28.7416	 
0.288967	 3.34746e+06	 9.71225e+06	 3.34909e+06	 9.71351e+06	 -28.7355	 -28.7348	 
0.288967	 3.34746e+06	 9.71225e+06	 3.34909e+06	 9.71351e+06	 -28.7355	 -28.7348	 
0.343662	 3.34748e+06	 9.71205e+06	 3.34912e+06	 9.7133e+06	 -28.7345	 -28.7339	 
0.343662	 3.34775e+06	 9.71011e+06	 3.34938e+06	 9.71136e+06	 -28.7256	 -28.7247	 
0.343662	 3.34775e+06	 9.71011e+06	 3.34938e+06	 9.71136e+06	 -28.7256	 -28.7247	 
0.421831	 3.34786e+06	 9.70933e+06	 3.34949e+06	 9.71059e+06	 -28.722	 -28.7211	 
0.421831	 3.34833e+06	 9.70589e+06	 3.34995e+06	 9.70714e+06	 -28.7062	 -28.7049	 
0.421831	 3.34833e+06	 9.70588e+06	 3.34995e+06	 9.70713e+06	 -28.706	 -28.7047	 
0.5	 3.34833e+06	 9.70587e+06	 3.34995e+06	 9.70712e+06	 -28.706	 -28.7047	 
0.5	 3.34888e+06	 9.70181e+06	 3.3505e+06	 9.70306e+06	 -28.6871	 -28.6854	 
0.5	 3.34888e+06	 9.70184e+06	 3.3505e+06	 9.70309e+06	 -28.6875	 -28.6857	 
0.6	 3.34902e+06	 9.70081e+06	 3.35064e+06	 9.70205e+06	 -28.6827	 -28.6808	 
0.6	 3.34986e+06	 9.69468e+06	 3.35148e+06	 9.69593e+06	 -28.655	 -28.6523	 
0.6	 3.34986e+06	 9.69465e+06	 3.35148e+06	 9.69589e+06	 -28.6544	 -28.6519	 
0.733333	 3.35012e+06	 9.69274e+06	 3.35174e+06	 9.69399e+06	 -28.6457	 -28.6429	 
0.733333	 3.3515e+06	 9.68261e+06	 3.35312e+06	 9.68385e+06	 -28.5986	 -28.5947	 
0.733333	 3.3515e+06	 9.68263e+06	 3.35312e+06	 9.68387e+06	 -28.5988	 -28.595	 
0.866667	 3.3515e+06	 9.68263e+06	 3.35312e+06	 9.68387e+06	 -28.5988	 -28.595	 
0.866667	 3.35311e+06	 9.67088e+06	 3.35472e+06	 9.67211e+06	 -28.5443	 -28.5393	 
0.866667	 3.3531e+06	 9.67097e+06	 3.35471e+06	 9.6722e+06	 -28.5453	 -28.5401	 
1	 3.3531e+06	 9.67098e+06	 3.35471e+06	 9.67222e+06	 -28.5454	 -28.5402	 
1	 3.35492e+06	 9.65785e+06	 3.35652e+06	 9.65908e+06	 -28.4859	 -28.479	 
1	 3.35491e+06	 9.65785e+06	 3.35652e+06	 9.65908e+06	 -28.4855	 -28.4788	 
1.11111	 3.35463e+06	 9.65991e+06	 3.35623e+06	 9.66114e+06	 -28.4949	 -28.4884	 
1.11111	 3.35627e+06	 9.64803e+06	 3.35787e+06	 9.64926e+06	 -28.4407	 -28.4328	 
1.11111	 3.35627e+06	 9.64807e+06	 3.35786e+06	 9.6493e+06	 -28.4411	 -28.4332	 
1.2381	 3.35649e+06	 9.64646e+06	 3.35809e+06	 9.64769e+06	 -28.4338	 -28.4256	 
1.2381	 3.35855e+06	 9.6316e+06	 3.36015e+06	 9.63282e+06	 -28.3667	 -28.3567	 
1.2381	 3.35856e+06	 9.63155e+06	 3.36015e+06	 9.63277e+06	 -28.366	 -28.3561	 
1.36905	 3.35862e+06	 9.63109e+06	 3.36021e+06	 9.63231e+06	 -28.3639	 -28.354	 
1.36905	 3.36096e+06	 9.6142e+06	 3.36255e+06	 9.61541e+06	 -28.2869	 -28.275	 
1.36905	 3.36096e+06	 9.61426e+06	 3.36254e+06	 9.61547e+06	 -28.2875	 -28.2756	 
1.5	 3.36096e+06	 9.61426e+06	 3.36254e+06	 9.61548e+06	 -28.2876	 -28.2756	 
1.5	 3.3635e+06	 9.5961e+06	 3.36507e+06	 9.59731e+06	 -28.2056	 -28.1916	 
1.5	 3.36349e+06	 9.59613e+06	 3.36507e+06	 9.59733e+06	 -28.2058	 -28.1918	 
1.66667	 3.36416e+06	 9.59137e+06	 3.36573e+06	 9.59258e+06	 -28.1842	 -28.1697	 
1.66667	 3.36773e+06	 9.56595e+06	 3.36929e+06	 9.56715e+06	 -28.0701	 -28.0528	 
1.66667	 3.36773e+06	 9.56592e+06	 3.36929e+06	 9.56712e+06	 -28.0696	 -28.0524	 
1.83333	 3.36774e+06	 9.56591e+06	 3.3693e+06	 9.5671e+06	 -28.0695	 -28.0524	 
1.83333	 3.37163e+06	 9.53826e+06	 3.37318e+06	 9.53944e+06	 -27.9446	 -27.9251	 
1.83333	 3.37163e+06	 9.53839e+06	 3.37317e+06	 9.53957e+06	 -27.9462	 -27.9266	 
2	 3.37163e+06	 9.5384e+06	 3.37317e+06	 9.53959e+06	 -27.9462	 -27.9267	 
2	 3.37582e+06	 9.50898e+06	 3.37735e+06	 9.51015e+06	 -27.8157	 -27.7938	 
2	 3.37582e+06	 9.50901e+06	 3.37735e+06	 9.51018e+06	 -27.8158	 -27.7939	 
2.16667	 3.37582e+06	 9.50901e+06	 3.37735e+06	 9.51018e+06	 -27.8158	 -27.7939	 
2.16667	 3.38031e+06	 9.4777e+06	 3.38183e+06	 9.47886e+06	 -27.6776	 -27.6537	 
2.16667	 3.38031e+06	 9.47774e+06	 3.38182e+06	 9.4789e+06	 -27.6779	 -27.6541	 
2.33333	 3.38031e+06	 9.47774e+06	 3.38182e+06	 9.4789e+06	 -27.6779	 -27.6541	 
2.33333	 3.3851e+06	 9.44462e+06	 3.3866e+06	 9.44577e+06	 -27.533	 -27.5076	 
2.33333	 3.38509e+06	 9.44466e+06	 3.3866e+06	 9.4458e+06	 -27.5332	 -27.5079	 
2.5	 3.38509e+06	 9.44466e+06	 3.3866e+06	 9.4458e+06	 -27.5332	 -27.5079	 
2.5	 3.39018e+06	 9.40979e+06	 3.39166e+06	 9.41092e+06	 -27.3816	 -27.3555	 
2.5	 3.39017e+06	 9.40983e+06	 3.39166e+06	 9.41097e+06	 -27.3818	 -27.3559	 
2.66667	 3.39017e+06	 9.40979e+06	 3.39165e+06	 9.41092e+06	 -27.3803	 -27.3547	 
2.66667	 3.3955e+06	 9.37304e+06	 3.39697e+06	 9.37416e+06	 -27.2149	 -27.1913	 
2.66667	 3.39544e+06	 9.37283e+06	 3.3969e+06	 9.37395e+06	 -27.2051	 -27.1841	 
2.77778	 3.39346e+06	 9.38372e+06	 3.39493e+06	 9.38484e+06	 -27.2173	 -27.2057	 
2.77778	 3.39624e+06	 9.355e+06	 3.39768e+06	 9.3561e+06	 -26.9532	 -26.9798	 
2.77778	 3.39656e+06	 9.35637e+06	 3.39801e+06	 9.35748e+06	 -27.0079	 -27.0244	 
2.88889	 3.39665e+06	 9.35675e+06	 3.3981e+06	 9.35786e+06	 -27.0238	 -27.0359	 
2.88889	 3.39979e+06	 9.32828e+06	 3.40121e+06	 9.32937e+06	 -26.7916	 -26.8398	 
2.88889	 3.40011e+06	 9.3295e+06	 3.40153e+06	 9.33059e+06	 -26.8454	 -26.8805	 
3	 3.40013e+06	 9.32955e+06	 3.40155e+06	 9.33065e+06	 -26.8489	 -26.882	 
3	 3.40404e+06	 9.30269e+06	 3.40546e+06	 9.30377e+06	 -26.7213	 -26.7637	 
3	 3.4039e+06	 9.30207e+06	 3.40531e+06	 9.30315e+06	 -26.6964	 -26.7427	 
3.125	 3.40433e+06	 9.29859e+06	 3.40574e+06	 9.29967e+06	 -26.6728	 -26.722	 
3.125	 3.40867e+06	 9.26607e+06	 3.41005e+06	 9.26714e+06	 -26.4787	 -26.5439	 
3.125	 3.40843e+06	 9.26509e+06	 3.40982e+06	 9.26615e+06	 -26.436	 -26.5121	 
3.25	 3.40807e+06	 9.26358e+06	 3.40945e+06	 9.26464e+06	 -26.3704	 -26.4623	 
3.25	 3.41085e+06	 9.22273e+06	 3.41217e+06	 9.22374e+06	 -25.8437	 -26.0307	 
3.25	 3.41109e+06	 9.22365e+06	 3.41241e+06	 9.22467e+06	 -25.884	 -26.0668	 
3.33333	 3.40974e+06	 9.23535e+06	 3.41108e+06	 9.23638e+06	 -25.9818	 -26.1485	 
3.33333	 3.41113e+06	 9.2057e+06	 3.41241e+06	 9.2067e+06	 -25.5192	 -25.78	 
3.33333	 3.41151e+06	 9.20734e+06	 3.41281e+06	 9.20835e+06	 -25.5929	 -25.839	 
3.41667	 3.41149e+06	 9.20727e+06	 3.41278e+06	 9.20827e+06	 -25.5894	 -25.8344	 
3.41667	 3.41328e+06	 9.17884e+06	 3.41453e+06	 9.17981e+06	 -25.1808	 -25.5102	 
3.41667	 3.41304e+06	 9.17762e+06	 3.41428e+06	 9.17859e+06	 -25.1299	 -25.4676	 
3.5	 3.41276e+06	 9.17645e+06	 3.41399e+06	 9.17741e+06	 -25.0743	 -25.4235	 
3.5	 3.41318e+06	 9.1412e+06	 3.41434e+06	 9.14211e+06	 -24.339	 -24.8369	 
3.5	 3.41423e+06	 9.146e+06	 3.41542e+06	 9.14692e+06	 -24.5681	 -25.0181	 
3.5625	 3.41396e+06	 9.15398e+06	 3.41516e+06	 9.15492e+06	 -24.7177	 -25.1339	 
3.5625	 3.41586e+06	 9.13454e+06	 3.41704e+06	 9.13546e+06	 -24.5019	 -24.951	 
3.5625	 3.41548e+06	 9.13273e+06	 3.41665e+06	 9.13365e+06	 -24.4188	 -24.8829	 
3.63542	 3.41571e+06	 9.12907e+06	 3.41687e+06	 9.12998e+06	 -24.3618	 -24.8365	 
3.63542	 3.41726e+06	 9.10262e+06	 3.41838e+06	 9.10349e+06	 -23.9411	 -24.4762	 
3.63542	 3.4174e+06	 9.10323e+06	 3.41852e+06	 9.10411e+06	 -23.9713	 -24.5013	 
3.70833	 3.41742e+06	 9.10334e+06	 3.41854e+06	 9.10422e+06	 -23.9767	 -24.505	 
3.70833	 3.41935e+06	 9.07806e+06	 3.42043e+06	 9.07891e+06	 -23.6193	 -24.1869	 
3.70833	 3.41925e+06	 9.07755e+06	 3.42033e+06	 9.0784e+06	 -23.594	 -24.1684	 
3.78125	 3.41922e+06	 9.07738e+06	 3.4203e+06	 9.07823e+06	 -23.5854	 -24.1619	 
3.78125	 3.42097e+06	 9.05058e+06	 3.42201e+06	 9.05139e+06	 -23.154	 -23.7814	 
3.78125	 3.42129e+06	 9.05223e+06	 3.42234e+06	 9.05305e+06	 -23.2384	 -23.8469	 
3.85417	 3.42125e+06	 9.05203e+06	 3.4223e+06	 9.05285e+06	 -23.2289	 -23.8382	 
3.85417	 3.42372e+06	 9.02834e+06	 3.42474e+06	 9.02914e+06	 -22.9663	 -23.5781	 
3.85417	 3.42351e+06	 9.02724e+06	 3.42452e+06	 9.02803e+06	 -22.9094	 -23.5324	 
3.92708	 3.4235e+06	 9.02719e+06	 3.42451e+06	 9.02798e+06	 -22.9071	 -23.5311	 
3.92708	 3.42573e+06	 9.0016e+06	 3.4267e+06	 9.00236e+06	 -22.5551	 -23.1896	 
3.92708	 3.42586e+06	 9.00228e+06	 3.42684e+06	 9.00304e+06	 -22.5919	 -23.2196	 
4	 3.42594e+06	 9.00268e+06	 3.42691e+06	 9.00344e+06	 -22.6137	 -23.2361	 
4	 3.42871e+06	 8.9793e+06	 3.42966e+06	 8.98004e+06	 -22.3947	 -22.9896	 
4	 3.4285e+06	 8.97823e+06	 3.42944e+06	 8.97896e+06	 -22.3344	 -22.9423	 
4.07143	 3.42844e+06	 8.97867e+06	 3.42939e+06	 8.97941e+06	 -22.338	 -22.9472	 
4.07143	 3.43083e+06	 8.95353e+06	 3.43174e+06	 8.95424e+06	 -22.0066	 -22.6062	 
4.07143	 3.43096e+06	 8.95417e+06	 3.43187e+06	 8.95488e+06	 -22.0429	 -22.636	 
4.14881	 3.43118e+06	 8.95224e+06	 3.4321e+06	 8.95295e+06	 -22.0235	 -22.6141	 
4.14881	 3.43417e+06	 8.92634e+06	 3.43505e+06	 8.92702e+06	 -21.7536	 -22.3066	 
4.14881	 3.434e+06	 8.92552e+06	 3.43488e+06	 8.92619e+06	 -21.7029	 -22.267	 
4.21429	 3.43356e+06	 8.92949e+06	 3.43444e+06	 8.93017e+06	 -21.7474	 -22.3164	 
4.21429	 3.43584e+06	 8.90587e+06	 3.43669e+06	 8.90652e+06	 -21.4186	 -21.9729	 
4.21429	 3.43594e+06	 8.90644e+06	 3.4368e+06	 8.90709e+06	 -21.4536	 -22.0009	 
4.28571	 3.43617e+06	 8.90444e+06	 3.43702e+06	 8.90509e+06	 -21.4308	 -21.9748	 
4.28571	 3.43893e+06	 8.87964e+06	 3.43975e+06	 8.88026e+06	 -21.1339	 -21.6412	 
4.28571	 3.43875e+06	 8.87877e+06	 3.43957e+06	 8.87939e+06	 -21.076	 -21.5958	 
4.33673	 3.43786e+06	 8.88524e+06	 3.43868e+06	 8.88586e+06	 -21.1251	 -21.6627	 
4.33673	 3.43931e+06	 8.86477e+06	 3.44009e+06	 8.86535e+06	 -20.7177	 -21.2699	 
4.33673	 3.43958e+06	 8.86607e+06	 3.44036e+06	 8.86666e+06	 -20.8092	 -21.3434	 
4.39116	 3.43974e+06	 8.86509e+06	 3.44052e+06	 8.86568e+06	 -20.8069	 -21.3355	 
4.39116	 3.44188e+06	 8.84603e+06	 3.44264e+06	 8.84659e+06	 -20.5586	 -21.0606	 
4.39116	 3.4418e+06	 8.84568e+06	 3.44255e+06	 8.84624e+06	 -20.5331	 -21.0374	 
4.44558	 3.4418e+06	 8.84569e+06	 3.44256e+06	 8.84625e+06	 -20.5345	 -21.0382	 
4.44558	 3.44388e+06	 8.82629e+06	 3.44461e+06	 8.82682e+06	 -20.2572	 -20.7278	 
4.44558	 3.44389e+06	 8.8263e+06	 3.44461e+06	 8.82684e+06	 -20.2587	 -20.7289	 
4.5	 3.44389e+06	 8.8263e+06	 3.44462e+06	 8.82684e+06	 -20.2593	 -20.7294	 
4.5	 3.44604e+06	 8.80709e+06	 3.44674e+06	 8.8076e+06	 -19.9913	 -20.4182	 
4.5	 3.44608e+06	 8.80724e+06	 3.44678e+06	 8.80774e+06	 -20.0037	 -20.4289	 
4.55556	 3.44613e+06	 8.80685e+06	 3.44683e+06	 8.80735e+06	 -19.9994	 -20.4236	 
4.55556	 3.44849e+06	 8.7878e+06	 3.44916e+06	 8.78828e+06	 -19.7704	 -20.1352	 
4.55556	 3.44846e+06	 8.78769e+06	 3.44913e+06	 8.78816e+06	 -19.7589	 -20.1256	 
4.61111	 3.44846e+06	 8.78767e+06	 3.44913e+06	 8.78815e+06	 -19.7581	 -20.1252	 
4.61111	 3.45084e+06	 8.76861e+06	 3.45148e+06	 8.76906e+06	 -19.5217	 -19.823	 
4.61111	 3.4508e+06	 8.7685e+06	 3.45145e+06	 8.76895e+06	 -19.5096	 -19.8139	 
4.66667	 3.45081e+06	 8.76851e+06	 3.45146e+06	 8.76896e+06	 -19.5115	 -19.8156	 
4.66667	 3.45319e+06	 8.74938e+06	 3.45381e+06	 8.7498e+06	 -19.2572	 -19.4937	 
4.66667	 3.45325e+06	 8.7496e+06	 3.45387e+06	 8.75002e+06	 -19.2797	 -19.5118	 
4.72222	 3.45325e+06	 8.74962e+06	 3.45387e+06	 8.75004e+06	 -19.2823	 -19.5136	 
4.72222	 3.45582e+06	 8.73117e+06	 3.45642e+06	 8.73156e+06	 -19.0906	 -19.2347	 
4.72222	 3.45578e+06	 8.73104e+06	 3.45638e+06	 8.73143e+06	 -19.0742	 -19.2212	 
4.77778	 3.45578e+06	 8.73102e+06	 3.45638e+06	 8.73141e+06	 -19.0734	 -19.2207	 
4.77778	 3.45834e+06	 8.71253e+06	 3.45892e+06	 8.71289e+06	 -18.8647	 -18.9208	 
4.77778	 3.45831e+06	 8.71244e+06	 3.45889e+06	 8.7128e+06	 -18.8523	 -18.9116	 
4.83333	 3.45831e+06	 8.71242e+06	 3.45889e+06	 8.71278e+06	 -18.8506	 -18.9105	 
4.83333	 3.46084e+06	 8.69383e+06	 3.46139e+06	 8.69417e+06	 -18.6107	 -18.5813	 
4.83333	 3.4609e+06	 8.69401e+06	 3.46146e+06	 8.69435e+06	 -18.637	 -18.6026	 
4.88889	 3.46091e+06	 8.69403e+06	 3.46146e+06	 8.69437e+06	 -18.6393	 -18.6041	 
4.88889	 3.46362e+06	 8.67602e+06	 3.46416e+06	 8.67633e+06	 -18.4635	 -18.3203	 
4.88889	 3.4636e+06	 8.67599e+06	 3.46413e+06	 8.6763e+06	 -18.4551	 -18.3128	 
4.94444	 3.4636e+06	 8.67598e+06	 3.46413e+06	 8.67629e+06	 -18.4549	 -18.3126	 
4.94444	 3.46634e+06	 8.65815e+06	 3.46686e+06	 8.65844e+06	 -18.2819	 -18.0234	 
4.94444	 3.4663e+06	 8.65806e+06	 3.46681e+06	 8.65835e+06	 -18.2623	 -18.0082	 
5	 3.46629e+06	 8.65803e+06	 3.4668e+06	 8.65831e+06	 -18.2566	 -18.0041	 
5	 3.46894e+06	 8.64015e+06	 3.46942e+06	 8.6404e+06	 -18.0289	 -17.6673	 
5	 3.46905e+06	 8.64033e+06	 3.46955e+06	 8.64059e+06	 -18.0771	 -17.7059	 
5.05556	 3.46906e+06	 8.64035e+06	 3.46955e+06	 8.6406e+06	 -18.0795	 -17.7074	 
5.05556	 3.472e+06	 8.62305e+06	 3.47248e+06	 8.62329e+06	 -17.9627	 -17.4531	 
5.05556	 3.47193e+06	 8.62301e+06	 3.47241e+06	 8.62324e+06	 -17.9377	 -17.4322	 
